<?xml version="1.0" encoding="UTF-8"?>
<testsuite name="TestSuite" time="85.087" tests="4" errors="0" skipped="0" failures="0">
  <properties>
[...]
</properties>
  <testcase name="mytest2" classname="test.java.dockerRemoteProject.test" time="16.947"/>
  <testcase name="mytest2" classname="test.java.dockerRemoteProject.test" time="8.833"/>
  <testcase name="mytest" classname="test.java.dockerRemoteProject.test" time="68.14"/>
  <testcase name="mytest" classname="test.java.dockerRemoteProject.test" time="74.14"/>
</testsuite>