<?xml version="1.0" encoding="UTF-8"?>
<testng-results skipped="0" failed="0" ignored="0" total="4" passed="4">
  <reporter-output>
  </reporter-output>
  <suite name="Parallel test suite" duration-ms="48291" started-at="2018-02-12T12:10:43Z" finished-at="2018-02-12T12:11:32Z">
    <groups>
    </groups>
    <test name="Regression 1" duration-ms="24273" started-at="2018-02-12T12:10:43Z" finished-at="2018-02-12T12:11:08Z">
      <class name="test.java.dockerRemoteProject.test">
        <test-method status="PASS" signature="mytest()[pri:0, instance:test.java.dockerRemoteProject.test@4dfa3a9d]" name="mytest" duration-ms="24247" started-at="2018-02-12T17:40:43Z" finished-at="2018-02-12T17:41:08Z">
          <reporter-output>
          </reporter-output>
        </test-method> <!-- mytest -->
        <test-method status="PASS" signature="mytest2()[pri:0, instance:test.java.dockerRemoteProject.test@4dfa3a9d]" name="mytest2" duration-ms="18012" started-at="2018-02-12T17:40:43Z" finished-at="2018-02-12T17:41:01Z">
          <reporter-output>
          </reporter-output>
        </test-method> <!-- mytest2 -->
      </class> <!-- test.java.dockerRemoteProject.test -->
    </test> <!-- Regression 1 -->
    <test name="Regression 2" duration-ms="23982" started-at="2018-02-12T12:11:08Z" finished-at="2018-02-12T12:11:32Z">
      <class name="test.java.dockerRemoteProject.test">
        <test-method status="PASS" signature="mytest()[pri:0, instance:test.java.dockerRemoteProject.test@56ac3a89]" name="mytest" duration-ms="23976" started-at="2018-02-12T17:41:08Z" finished-at="2018-02-12T17:41:32Z">
          <reporter-output>
          </reporter-output>
        </test-method> <!-- mytest -->
        <test-method status="PASS" signature="mytest2()[pri:0, instance:test.java.dockerRemoteProject.test@56ac3a89]" name="mytest2" duration-ms="19599" started-at="2018-02-12T17:41:08Z" finished-at="2018-02-12T17:41:27Z">
          <reporter-output>
          </reporter-output>
        </test-method> <!-- mytest2 -->
      </class> <!-- test.java.dockerRemoteProject.test -->
    </test> <!-- Regression 2 -->
  </suite> <!-- Parallel test suite -->
</testng-results>
